# do {tb_wallace_mul_compile.do}
# ** Warning: (vlib-34) Library already exists at "modelsim_lib/work".
# ** Warning: (vlib-34) Library already exists at "modelsim_lib/msim".
# ** Warning: (vlib-34) Library already exists at "modelsim_lib/msim/xil_defaultlib".
# Model Technology ModelSim SE-64 vmap 10.5 Lib Mapping Utility 2016.02 Feb 13 2016
# vmap xil_defaultlib modelsim_lib/msim/xil_defaultlib 
# Modifying modelsim.ini
# Model Technology ModelSim SE-64 vlog 10.5 Compiler 2016.02 Feb 13 2016
# Start time: 15:30:43 on Jan 23,2024
# vlog -incr -mfcu -work xil_defaultlib ../../../../../../rtl/adder/adder4.v ../../../../../../rtl/adder/cla_32bits.v ../../../../../../rtl/adder/full_adder.v ../../../../../../rtl/adder/half_adder.v ../../../../../../rtl/encoder/modefied_booth_enc.v ../../../../../../rtl/par_product/par_product_add.v ../../../../../../rtl/par_product/par_product_calc.v ../../../../../../rtl/par_product/par_product_gen.v ../../../../../../rtl/wallace_mul.v ../../../../../../sim/tb/tb_wallace_tree.v 
# -- Skipping module adder4
# -- Skipping module cla_32bits
# -- Skipping module full_adder
# -- Skipping module half_adder
# -- Skipping module modefied_booth_enc
# -- Skipping module par_product_add
# -- Skipping module par_product_calc
# -- Compiling module par_product_gen
# -- Skipping module wallace_mul
# -- Skipping module tb_wallace_mul
# 
# Top level modules:
# 	tb_wallace_mul
# End time: 15:30:43 on Jan 23,2024, Elapsed time: 0:00:00
# Errors: 0, Warnings: 0
# Model Technology ModelSim SE-64 vlog 10.5 Compiler 2016.02 Feb 13 2016
# Start time: 15:30:43 on Jan 23,2024
# vlog -work xil_defaultlib glbl.v 
# -- Compiling module glbl
# 
# Top level modules:
# 	glbl
# End time: 15:30:43 on Jan 23,2024, Elapsed time: 0:00:00
# Errors: 0, Warnings: 0
