# do {tb_wallace_mul_compile.do}
# Model Technology ModelSim SE-64 vmap 10.5 Lib Mapping Utility 2016.02 Feb 13 2016
# vmap xil_defaultlib modelsim_lib/msim/xil_defaultlib 
# Modifying modelsim.ini
# Model Technology ModelSim SE-64 vlog 10.5 Compiler 2016.02 Feb 13 2016
# Start time: 15:44:16 on Jan 23,2024
# vlog -incr -mfcu -work xil_defaultlib tb_wallace_mul_func_synth.v ../../../../../../../rtl/adder/adder4.v ../../../../../../../rtl/adder/cla_32bits.v ../../../../../../../rtl/adder/full_adder.v ../../../../../../../rtl/adder/half_adder.v ../../../../../../../rtl/encoder/modefied_booth_enc.v ../../../../../../../rtl/par_product/par_product_add.v ../../../../../../../rtl/par_product/par_product_calc.v ../../../../../../../rtl/par_product/par_product_gen.v ../../../../../../../rtl/wallace_mul.v ../../../../../../../sim/tb/tb_wallace_tree.v 
# -- Compiling module test_top
# -- Compiling module glbl
# -- Compiling module adder4
# -- Compiling module cla_32bits
# -- Compiling module full_adder
# -- Compiling module half_adder
# -- Compiling module modefied_booth_enc
# -- Compiling module par_product_add
# -- Compiling module par_product_calc
# -- Compiling module par_product_gen
# -- Compiling module wallace_mul
# -- Compiling module tb_wallace_mul
# 
# Top level modules:
# 	test_top
# 	glbl
# 	tb_wallace_mul
# End time: 15:44:16 on Jan 23,2024, Elapsed time: 0:00:00
# Errors: 0, Warnings: 0
