Copyright 1986-2022 Xilinx, Inc. All Rights Reserved. Copyright 2022-2023 Advanced Micro Devices, Inc. All Rights Reserved.
-----------------------------------------------------------------------------------------------------------------------------------------------------------------------
| Tool Version : Vivado v.2023.2 (win64) Build 4029153 Fri Oct 13 20:14:34 MDT 2023
| Date         : Mon Jan 22 20:50:36 2024
| Host         : xyh running 64-bit major release  (build 9200)
| Command      : report_methodology -file wallace_mul_methodology_drc_routed.rpt -pb wallace_mul_methodology_drc_routed.pb -rpx wallace_mul_methodology_drc_routed.rpx
| Design       : wallace_mul
| Device       : xc7z020clg400-2
| Speed File   : -2
| Design State : Fully Routed
-----------------------------------------------------------------------------------------------------------------------------------------------------------------------

Report Methodology

Table of Contents
-----------------
1. REPORT SUMMARY
2. REPORT DETAILS

1. REPORT SUMMARY
-----------------
            Netlist: netlist
          Floorplan: checkpoint_wallace_mul
      Design limits: <entire design considered>
             Max violations: <unlimited>
             Violations found: 153
+-----------+----------+--------------------------------+------------+
| Rule      | Severity | Description                    | Violations |
+-----------+----------+--------------------------------+------------+
| LUTAR-1   | Warning  | LUT drives async reset alert   | 16         |
| TIMING-20 | Warning  | Non-clocked latch              | 136        |
| LATCH-1   | Advisory | Existing latches in the design | 1          |
+-----------+----------+--------------------------------+------------+

2. REPORT DETAILS
-----------------
LUTAR-1#1 Warning
LUT drives async reset alert  
LUT cell u_par_product_calc/u_par_product_gen0/par_product_tmp_reg[15]_i_2, with 2 or more inputs, drives asynchronous preset/clear pin(s) u_par_product_calc/u_par_product_gen0/par_product_tmp_reg[10]/CLR,
u_par_product_calc/u_par_product_gen0/par_product_tmp_reg[11]/CLR,
u_par_product_calc/u_par_product_gen0/par_product_tmp_reg[12]/CLR,
u_par_product_calc/u_par_product_gen0/par_product_tmp_reg[13]/CLR,
u_par_product_calc/u_par_product_gen0/par_product_tmp_reg[14]/CLR,
u_par_product_calc/u_par_product_gen0/par_product_tmp_reg[15]/CLR,
u_par_product_calc/u_par_product_gen0/par_product_tmp_reg[1]/CLR,
u_par_product_calc/u_par_product_gen0/par_product_tmp_reg[2]/CLR,
u_par_product_calc/u_par_product_gen0/par_product_tmp_reg[3]/CLR,
u_par_product_calc/u_par_product_gen0/par_product_tmp_reg[4]/CLR,
u_par_product_calc/u_par_product_gen0/par_product_tmp_reg[5]/CLR,
u_par_product_calc/u_par_product_gen0/par_product_tmp_reg[6]/CLR,
u_par_product_calc/u_par_product_gen0/par_product_tmp_reg[7]/CLR,
u_par_product_calc/u_par_product_gen0/par_product_tmp_reg[8]/CLR,
u_par_product_calc/u_par_product_gen0/par_product_tmp_reg[9]/CLR
 (the first 15 of 16 listed). The LUT may glitch and trigger an unexpected reset, even if it is a properly timed path.
Related violations: <none>

LUTAR-1#2 Warning
LUT drives async reset alert  
LUT cell u_par_product_calc/u_par_product_gen0/par_product_tmp_reg[16]_i_3, with 2 or more inputs, drives asynchronous preset/clear pin(s) u_par_product_calc/u_par_product_gen0/par_product_tmp_reg[16]/CLR. The LUT may glitch and trigger an unexpected reset, even if it is a properly timed path.
Related violations: <none>

LUTAR-1#3 Warning
LUT drives async reset alert  
LUT cell u_par_product_calc/u_par_product_gen1/par_product_tmp_reg[15]_i_2, with 2 or more inputs, drives asynchronous preset/clear pin(s) u_par_product_calc/u_par_product_gen1/par_product_tmp_reg[10]/CLR,
u_par_product_calc/u_par_product_gen1/par_product_tmp_reg[11]/CLR,
u_par_product_calc/u_par_product_gen1/par_product_tmp_reg[12]/CLR,
u_par_product_calc/u_par_product_gen1/par_product_tmp_reg[13]/CLR,
u_par_product_calc/u_par_product_gen1/par_product_tmp_reg[14]/CLR,
u_par_product_calc/u_par_product_gen1/par_product_tmp_reg[15]/CLR,
u_par_product_calc/u_par_product_gen1/par_product_tmp_reg[1]/CLR,
u_par_product_calc/u_par_product_gen1/par_product_tmp_reg[2]/CLR,
u_par_product_calc/u_par_product_gen1/par_product_tmp_reg[3]/CLR,
u_par_product_calc/u_par_product_gen1/par_product_tmp_reg[4]/CLR,
u_par_product_calc/u_par_product_gen1/par_product_tmp_reg[5]/CLR,
u_par_product_calc/u_par_product_gen1/par_product_tmp_reg[6]/CLR,
u_par_product_calc/u_par_product_gen1/par_product_tmp_reg[7]/CLR,
u_par_product_calc/u_par_product_gen1/par_product_tmp_reg[8]/CLR,
u_par_product_calc/u_par_product_gen1/par_product_tmp_reg[9]/CLR
 (the first 15 of 16 listed). The LUT may glitch and trigger an unexpected reset, even if it is a properly timed path.
Related violations: <none>

LUTAR-1#4 Warning
LUT drives async reset alert  
LUT cell u_par_product_calc/u_par_product_gen1/par_product_tmp_reg[16]_i_3, with 2 or more inputs, drives asynchronous preset/clear pin(s) u_par_product_calc/u_par_product_gen1/par_product_tmp_reg[16]/CLR. The LUT may glitch and trigger an unexpected reset, even if it is a properly timed path.
Related violations: <none>

LUTAR-1#5 Warning
LUT drives async reset alert  
LUT cell u_par_product_calc/u_par_product_gen2/par_product_tmp_reg[15]_i_2, with 2 or more inputs, drives asynchronous preset/clear pin(s) u_par_product_calc/u_par_product_gen2/par_product_tmp_reg[10]/CLR,
u_par_product_calc/u_par_product_gen2/par_product_tmp_reg[11]/CLR,
u_par_product_calc/u_par_product_gen2/par_product_tmp_reg[12]/CLR,
u_par_product_calc/u_par_product_gen2/par_product_tmp_reg[13]/CLR,
u_par_product_calc/u_par_product_gen2/par_product_tmp_reg[14]/CLR,
u_par_product_calc/u_par_product_gen2/par_product_tmp_reg[15]/CLR,
u_par_product_calc/u_par_product_gen2/par_product_tmp_reg[1]/CLR,
u_par_product_calc/u_par_product_gen2/par_product_tmp_reg[2]/CLR,
u_par_product_calc/u_par_product_gen2/par_product_tmp_reg[3]/CLR,
u_par_product_calc/u_par_product_gen2/par_product_tmp_reg[4]/CLR,
u_par_product_calc/u_par_product_gen2/par_product_tmp_reg[5]/CLR,
u_par_product_calc/u_par_product_gen2/par_product_tmp_reg[6]/CLR,
u_par_product_calc/u_par_product_gen2/par_product_tmp_reg[7]/CLR,
u_par_product_calc/u_par_product_gen2/par_product_tmp_reg[8]/CLR,
u_par_product_calc/u_par_product_gen2/par_product_tmp_reg[9]/CLR
 (the first 15 of 16 listed). The LUT may glitch and trigger an unexpected reset, even if it is a properly timed path.
Related violations: <none>

LUTAR-1#6 Warning
LUT drives async reset alert  
LUT cell u_par_product_calc/u_par_product_gen2/par_product_tmp_reg[16]_i_3, with 2 or more inputs, drives asynchronous preset/clear pin(s) u_par_product_calc/u_par_product_gen2/par_product_tmp_reg[16]/CLR. The LUT may glitch and trigger an unexpected reset, even if it is a properly timed path.
Related violations: <none>

LUTAR-1#7 Warning
LUT drives async reset alert  
LUT cell u_par_product_calc/u_par_product_gen3/par_product_tmp_reg[15]_i_2, with 2 or more inputs, drives asynchronous preset/clear pin(s) u_par_product_calc/u_par_product_gen3/par_product_tmp_reg[10]/CLR,
u_par_product_calc/u_par_product_gen3/par_product_tmp_reg[11]/CLR,
u_par_product_calc/u_par_product_gen3/par_product_tmp_reg[12]/CLR,
u_par_product_calc/u_par_product_gen3/par_product_tmp_reg[13]/CLR,
u_par_product_calc/u_par_product_gen3/par_product_tmp_reg[14]/CLR,
u_par_product_calc/u_par_product_gen3/par_product_tmp_reg[15]/CLR,
u_par_product_calc/u_par_product_gen3/par_product_tmp_reg[1]/CLR,
u_par_product_calc/u_par_product_gen3/par_product_tmp_reg[2]/CLR,
u_par_product_calc/u_par_product_gen3/par_product_tmp_reg[3]/CLR,
u_par_product_calc/u_par_product_gen3/par_product_tmp_reg[4]/CLR,
u_par_product_calc/u_par_product_gen3/par_product_tmp_reg[5]/CLR,
u_par_product_calc/u_par_product_gen3/par_product_tmp_reg[6]/CLR,
u_par_product_calc/u_par_product_gen3/par_product_tmp_reg[7]/CLR,
u_par_product_calc/u_par_product_gen3/par_product_tmp_reg[8]/CLR,
u_par_product_calc/u_par_product_gen3/par_product_tmp_reg[9]/CLR
 (the first 15 of 16 listed). The LUT may glitch and trigger an unexpected reset, even if it is a properly timed path.
Related violations: <none>

LUTAR-1#8 Warning
LUT drives async reset alert  
LUT cell u_par_product_calc/u_par_product_gen3/par_product_tmp_reg[16]_i_3, with 2 or more inputs, drives asynchronous preset/clear pin(s) u_par_product_calc/u_par_product_gen3/par_product_tmp_reg[16]/CLR. The LUT may glitch and trigger an unexpected reset, even if it is a properly timed path.
Related violations: <none>

LUTAR-1#9 Warning
LUT drives async reset alert  
LUT cell u_par_product_calc/u_par_product_gen4/par_product_tmp_reg[15]_i_2, with 2 or more inputs, drives asynchronous preset/clear pin(s) u_par_product_calc/u_par_product_gen4/par_product_tmp_reg[10]/CLR,
u_par_product_calc/u_par_product_gen4/par_product_tmp_reg[11]/CLR,
u_par_product_calc/u_par_product_gen4/par_product_tmp_reg[12]/CLR,
u_par_product_calc/u_par_product_gen4/par_product_tmp_reg[13]/CLR,
u_par_product_calc/u_par_product_gen4/par_product_tmp_reg[14]/CLR,
u_par_product_calc/u_par_product_gen4/par_product_tmp_reg[15]/CLR,
u_par_product_calc/u_par_product_gen4/par_product_tmp_reg[1]/CLR,
u_par_product_calc/u_par_product_gen4/par_product_tmp_reg[2]/CLR,
u_par_product_calc/u_par_product_gen4/par_product_tmp_reg[3]/CLR,
u_par_product_calc/u_par_product_gen4/par_product_tmp_reg[4]/CLR,
u_par_product_calc/u_par_product_gen4/par_product_tmp_reg[5]/CLR,
u_par_product_calc/u_par_product_gen4/par_product_tmp_reg[6]/CLR,
u_par_product_calc/u_par_product_gen4/par_product_tmp_reg[7]/CLR,
u_par_product_calc/u_par_product_gen4/par_product_tmp_reg[8]/CLR,
u_par_product_calc/u_par_product_gen4/par_product_tmp_reg[9]/CLR
 (the first 15 of 16 listed). The LUT may glitch and trigger an unexpected reset, even if it is a properly timed path.
Related violations: <none>

LUTAR-1#10 Warning
LUT drives async reset alert  
LUT cell u_par_product_calc/u_par_product_gen4/par_product_tmp_reg[16]_i_3, with 2 or more inputs, drives asynchronous preset/clear pin(s) u_par_product_calc/u_par_product_gen4/par_product_tmp_reg[16]/CLR. The LUT may glitch and trigger an unexpected reset, even if it is a properly timed path.
Related violations: <none>

LUTAR-1#11 Warning
LUT drives async reset alert  
LUT cell u_par_product_calc/u_par_product_gen5/par_product_tmp_reg[15]_i_2, with 2 or more inputs, drives asynchronous preset/clear pin(s) u_par_product_calc/u_par_product_gen5/par_product_tmp_reg[10]/CLR,
u_par_product_calc/u_par_product_gen5/par_product_tmp_reg[11]/CLR,
u_par_product_calc/u_par_product_gen5/par_product_tmp_reg[12]/CLR,
u_par_product_calc/u_par_product_gen5/par_product_tmp_reg[13]/CLR,
u_par_product_calc/u_par_product_gen5/par_product_tmp_reg[14]/CLR,
u_par_product_calc/u_par_product_gen5/par_product_tmp_reg[15]/CLR,
u_par_product_calc/u_par_product_gen5/par_product_tmp_reg[1]/CLR,
u_par_product_calc/u_par_product_gen5/par_product_tmp_reg[2]/CLR,
u_par_product_calc/u_par_product_gen5/par_product_tmp_reg[3]/CLR,
u_par_product_calc/u_par_product_gen5/par_product_tmp_reg[4]/CLR,
u_par_product_calc/u_par_product_gen5/par_product_tmp_reg[5]/CLR,
u_par_product_calc/u_par_product_gen5/par_product_tmp_reg[6]/CLR,
u_par_product_calc/u_par_product_gen5/par_product_tmp_reg[7]/CLR,
u_par_product_calc/u_par_product_gen5/par_product_tmp_reg[8]/CLR,
u_par_product_calc/u_par_product_gen5/par_product_tmp_reg[9]/CLR
 (the first 15 of 16 listed). The LUT may glitch and trigger an unexpected reset, even if it is a properly timed path.
Related violations: <none>

LUTAR-1#12 Warning
LUT drives async reset alert  
LUT cell u_par_product_calc/u_par_product_gen5/par_product_tmp_reg[16]_i_3, with 2 or more inputs, drives asynchronous preset/clear pin(s) u_par_product_calc/u_par_product_gen5/par_product_tmp_reg[16]/CLR. The LUT may glitch and trigger an unexpected reset, even if it is a properly timed path.
Related violations: <none>

LUTAR-1#13 Warning
LUT drives async reset alert  
LUT cell u_par_product_calc/u_par_product_gen6/par_product_tmp_reg[15]_i_2, with 2 or more inputs, drives asynchronous preset/clear pin(s) u_par_product_calc/u_par_product_gen6/par_product_tmp_reg[10]/CLR,
u_par_product_calc/u_par_product_gen6/par_product_tmp_reg[11]/CLR,
u_par_product_calc/u_par_product_gen6/par_product_tmp_reg[12]/CLR,
u_par_product_calc/u_par_product_gen6/par_product_tmp_reg[13]/CLR,
u_par_product_calc/u_par_product_gen6/par_product_tmp_reg[14]/CLR,
u_par_product_calc/u_par_product_gen6/par_product_tmp_reg[15]/CLR,
u_par_product_calc/u_par_product_gen6/par_product_tmp_reg[1]/CLR,
u_par_product_calc/u_par_product_gen6/par_product_tmp_reg[2]/CLR,
u_par_product_calc/u_par_product_gen6/par_product_tmp_reg[3]/CLR,
u_par_product_calc/u_par_product_gen6/par_product_tmp_reg[4]/CLR,
u_par_product_calc/u_par_product_gen6/par_product_tmp_reg[5]/CLR,
u_par_product_calc/u_par_product_gen6/par_product_tmp_reg[6]/CLR,
u_par_product_calc/u_par_product_gen6/par_product_tmp_reg[7]/CLR,
u_par_product_calc/u_par_product_gen6/par_product_tmp_reg[8]/CLR,
u_par_product_calc/u_par_product_gen6/par_product_tmp_reg[9]/CLR
 (the first 15 of 16 listed). The LUT may glitch and trigger an unexpected reset, even if it is a properly timed path.
Related violations: <none>

LUTAR-1#14 Warning
LUT drives async reset alert  
LUT cell u_par_product_calc/u_par_product_gen6/par_product_tmp_reg[16]_i_3, with 2 or more inputs, drives asynchronous preset/clear pin(s) u_par_product_calc/u_par_product_gen6/par_product_tmp_reg[16]/CLR. The LUT may glitch and trigger an unexpected reset, even if it is a properly timed path.
Related violations: <none>

LUTAR-1#15 Warning
LUT drives async reset alert  
LUT cell u_par_product_calc/u_par_product_gen7/par_product_tmp_reg[15]_i_2, with 2 or more inputs, drives asynchronous preset/clear pin(s) u_par_product_calc/u_par_product_gen7/par_product_tmp_reg[10]/CLR,
u_par_product_calc/u_par_product_gen7/par_product_tmp_reg[11]/CLR,
u_par_product_calc/u_par_product_gen7/par_product_tmp_reg[12]/CLR,
u_par_product_calc/u_par_product_gen7/par_product_tmp_reg[13]/CLR,
u_par_product_calc/u_par_product_gen7/par_product_tmp_reg[14]/CLR,
u_par_product_calc/u_par_product_gen7/par_product_tmp_reg[15]/CLR,
u_par_product_calc/u_par_product_gen7/par_product_tmp_reg[1]/CLR,
u_par_product_calc/u_par_product_gen7/par_product_tmp_reg[2]/CLR,
u_par_product_calc/u_par_product_gen7/par_product_tmp_reg[3]/CLR,
u_par_product_calc/u_par_product_gen7/par_product_tmp_reg[4]/CLR,
u_par_product_calc/u_par_product_gen7/par_product_tmp_reg[5]/CLR,
u_par_product_calc/u_par_product_gen7/par_product_tmp_reg[6]/CLR,
u_par_product_calc/u_par_product_gen7/par_product_tmp_reg[7]/CLR,
u_par_product_calc/u_par_product_gen7/par_product_tmp_reg[8]/CLR,
u_par_product_calc/u_par_product_gen7/par_product_tmp_reg[9]/CLR
 (the first 15 of 16 listed). The LUT may glitch and trigger an unexpected reset, even if it is a properly timed path.
Related violations: <none>

LUTAR-1#16 Warning
LUT drives async reset alert  
LUT cell u_par_product_calc/u_par_product_gen7/par_product_tmp_reg[16]_i_3, with 2 or more inputs, drives asynchronous preset/clear pin(s) u_par_product_calc/u_par_product_gen7/par_product_tmp_reg[16]/CLR. The LUT may glitch and trigger an unexpected reset, even if it is a properly timed path.
Related violations: <none>

TIMING-20#1 Warning
Non-clocked latch  
The latch u_par_product_calc/u_par_product_gen0/par_product_tmp_reg[0] cannot be properly analyzed as its control pin u_par_product_calc/u_par_product_gen0/par_product_tmp_reg[0]/G is not reached by a timing clock
Related violations: <none>

TIMING-20#2 Warning
Non-clocked latch  
The latch u_par_product_calc/u_par_product_gen0/par_product_tmp_reg[10] cannot be properly analyzed as its control pin u_par_product_calc/u_par_product_gen0/par_product_tmp_reg[10]/G is not reached by a timing clock
Related violations: <none>

TIMING-20#3 Warning
Non-clocked latch  
The latch u_par_product_calc/u_par_product_gen0/par_product_tmp_reg[11] cannot be properly analyzed as its control pin u_par_product_calc/u_par_product_gen0/par_product_tmp_reg[11]/G is not reached by a timing clock
Related violations: <none>

TIMING-20#4 Warning
Non-clocked latch  
The latch u_par_product_calc/u_par_product_gen0/par_product_tmp_reg[12] cannot be properly analyzed as its control pin u_par_product_calc/u_par_product_gen0/par_product_tmp_reg[12]/G is not reached by a timing clock
Related violations: <none>

TIMING-20#5 Warning
Non-clocked latch  
The latch u_par_product_calc/u_par_product_gen0/par_product_tmp_reg[13] cannot be properly analyzed as its control pin u_par_product_calc/u_par_product_gen0/par_product_tmp_reg[13]/G is not reached by a timing clock
Related violations: <none>

TIMING-20#6 Warning
Non-clocked latch  
The latch u_par_product_calc/u_par_product_gen0/par_product_tmp_reg[14] cannot be properly analyzed as its control pin u_par_product_calc/u_par_product_gen0/par_product_tmp_reg[14]/G is not reached by a timing clock
Related violations: <none>

TIMING-20#7 Warning
Non-clocked latch  
The latch u_par_product_calc/u_par_product_gen0/par_product_tmp_reg[15] cannot be properly analyzed as its control pin u_par_product_calc/u_par_product_gen0/par_product_tmp_reg[15]/G is not reached by a timing clock
Related violations: <none>

TIMING-20#8 Warning
Non-clocked latch  
The latch u_par_product_calc/u_par_product_gen0/par_product_tmp_reg[16] cannot be properly analyzed as its control pin u_par_product_calc/u_par_product_gen0/par_product_tmp_reg[16]/G is not reached by a timing clock
Related violations: <none>

TIMING-20#9 Warning
Non-clocked latch  
The latch u_par_product_calc/u_par_product_gen0/par_product_tmp_reg[1] cannot be properly analyzed as its control pin u_par_product_calc/u_par_product_gen0/par_product_tmp_reg[1]/G is not reached by a timing clock
Related violations: <none>

TIMING-20#10 Warning
Non-clocked latch  
The latch u_par_product_calc/u_par_product_gen0/par_product_tmp_reg[2] cannot be properly analyzed as its control pin u_par_product_calc/u_par_product_gen0/par_product_tmp_reg[2]/G is not reached by a timing clock
Related violations: <none>

TIMING-20#11 Warning
Non-clocked latch  
The latch u_par_product_calc/u_par_product_gen0/par_product_tmp_reg[3] cannot be properly analyzed as its control pin u_par_product_calc/u_par_product_gen0/par_product_tmp_reg[3]/G is not reached by a timing clock
Related violations: <none>

TIMING-20#12 Warning
Non-clocked latch  
The latch u_par_product_calc/u_par_product_gen0/par_product_tmp_reg[4] cannot be properly analyzed as its control pin u_par_product_calc/u_par_product_gen0/par_product_tmp_reg[4]/G is not reached by a timing clock
Related violations: <none>

TIMING-20#13 Warning
Non-clocked latch  
The latch u_par_product_calc/u_par_product_gen0/par_product_tmp_reg[5] cannot be properly analyzed as its control pin u_par_product_calc/u_par_product_gen0/par_product_tmp_reg[5]/G is not reached by a timing clock
Related violations: <none>

TIMING-20#14 Warning
Non-clocked latch  
The latch u_par_product_calc/u_par_product_gen0/par_product_tmp_reg[6] cannot be properly analyzed as its control pin u_par_product_calc/u_par_product_gen0/par_product_tmp_reg[6]/G is not reached by a timing clock
Related violations: <none>

TIMING-20#15 Warning
Non-clocked latch  
The latch u_par_product_calc/u_par_product_gen0/par_product_tmp_reg[7] cannot be properly analyzed as its control pin u_par_product_calc/u_par_product_gen0/par_product_tmp_reg[7]/G is not reached by a timing clock
Related violations: <none>

TIMING-20#16 Warning
Non-clocked latch  
The latch u_par_product_calc/u_par_product_gen0/par_product_tmp_reg[8] cannot be properly analyzed as its control pin u_par_product_calc/u_par_product_gen0/par_product_tmp_reg[8]/G is not reached by a timing clock
Related violations: <none>

TIMING-20#17 Warning
Non-clocked latch  
The latch u_par_product_calc/u_par_product_gen0/par_product_tmp_reg[9] cannot be properly analyzed as its control pin u_par_product_calc/u_par_product_gen0/par_product_tmp_reg[9]/G is not reached by a timing clock
Related violations: <none>

TIMING-20#18 Warning
Non-clocked latch  
The latch u_par_product_calc/u_par_product_gen1/par_product_tmp_reg[0] cannot be properly analyzed as its control pin u_par_product_calc/u_par_product_gen1/par_product_tmp_reg[0]/G is not reached by a timing clock
Related violations: <none>

TIMING-20#19 Warning
Non-clocked latch  
The latch u_par_product_calc/u_par_product_gen1/par_product_tmp_reg[10] cannot be properly analyzed as its control pin u_par_product_calc/u_par_product_gen1/par_product_tmp_reg[10]/G is not reached by a timing clock
Related violations: <none>

TIMING-20#20 Warning
Non-clocked latch  
The latch u_par_product_calc/u_par_product_gen1/par_product_tmp_reg[11] cannot be properly analyzed as its control pin u_par_product_calc/u_par_product_gen1/par_product_tmp_reg[11]/G is not reached by a timing clock
Related violations: <none>

TIMING-20#21 Warning
Non-clocked latch  
The latch u_par_product_calc/u_par_product_gen1/par_product_tmp_reg[12] cannot be properly analyzed as its control pin u_par_product_calc/u_par_product_gen1/par_product_tmp_reg[12]/G is not reached by a timing clock
Related violations: <none>

TIMING-20#22 Warning
Non-clocked latch  
The latch u_par_product_calc/u_par_product_gen1/par_product_tmp_reg[13] cannot be properly analyzed as its control pin u_par_product_calc/u_par_product_gen1/par_product_tmp_reg[13]/G is not reached by a timing clock
Related violations: <none>

TIMING-20#23 Warning
Non-clocked latch  
The latch u_par_product_calc/u_par_product_gen1/par_product_tmp_reg[14] cannot be properly analyzed as its control pin u_par_product_calc/u_par_product_gen1/par_product_tmp_reg[14]/G is not reached by a timing clock
Related violations: <none>

TIMING-20#24 Warning
Non-clocked latch  
The latch u_par_product_calc/u_par_product_gen1/par_product_tmp_reg[15] cannot be properly analyzed as its control pin u_par_product_calc/u_par_product_gen1/par_product_tmp_reg[15]/G is not reached by a timing clock
Related violations: <none>

TIMING-20#25 Warning
Non-clocked latch  
The latch u_par_product_calc/u_par_product_gen1/par_product_tmp_reg[16] cannot be properly analyzed as its control pin u_par_product_calc/u_par_product_gen1/par_product_tmp_reg[16]/G is not reached by a timing clock
Related violations: <none>

TIMING-20#26 Warning
Non-clocked latch  
The latch u_par_product_calc/u_par_product_gen1/par_product_tmp_reg[1] cannot be properly analyzed as its control pin u_par_product_calc/u_par_product_gen1/par_product_tmp_reg[1]/G is not reached by a timing clock
Related violations: <none>

TIMING-20#27 Warning
Non-clocked latch  
The latch u_par_product_calc/u_par_product_gen1/par_product_tmp_reg[2] cannot be properly analyzed as its control pin u_par_product_calc/u_par_product_gen1/par_product_tmp_reg[2]/G is not reached by a timing clock
Related violations: <none>

TIMING-20#28 Warning
Non-clocked latch  
The latch u_par_product_calc/u_par_product_gen1/par_product_tmp_reg[3] cannot be properly analyzed as its control pin u_par_product_calc/u_par_product_gen1/par_product_tmp_reg[3]/G is not reached by a timing clock
Related violations: <none>

TIMING-20#29 Warning
Non-clocked latch  
The latch u_par_product_calc/u_par_product_gen1/par_product_tmp_reg[4] cannot be properly analyzed as its control pin u_par_product_calc/u_par_product_gen1/par_product_tmp_reg[4]/G is not reached by a timing clock
Related violations: <none>

TIMING-20#30 Warning
Non-clocked latch  
The latch u_par_product_calc/u_par_product_gen1/par_product_tmp_reg[5] cannot be properly analyzed as its control pin u_par_product_calc/u_par_product_gen1/par_product_tmp_reg[5]/G is not reached by a timing clock
Related violations: <none>

TIMING-20#31 Warning
Non-clocked latch  
The latch u_par_product_calc/u_par_product_gen1/par_product_tmp_reg[6] cannot be properly analyzed as its control pin u_par_product_calc/u_par_product_gen1/par_product_tmp_reg[6]/G is not reached by a timing clock
Related violations: <none>

TIMING-20#32 Warning
Non-clocked latch  
The latch u_par_product_calc/u_par_product_gen1/par_product_tmp_reg[7] cannot be properly analyzed as its control pin u_par_product_calc/u_par_product_gen1/par_product_tmp_reg[7]/G is not reached by a timing clock
Related violations: <none>

TIMING-20#33 Warning
Non-clocked latch  
The latch u_par_product_calc/u_par_product_gen1/par_product_tmp_reg[8] cannot be properly analyzed as its control pin u_par_product_calc/u_par_product_gen1/par_product_tmp_reg[8]/G is not reached by a timing clock
Related violations: <none>

TIMING-20#34 Warning
Non-clocked latch  
The latch u_par_product_calc/u_par_product_gen1/par_product_tmp_reg[9] cannot be properly analyzed as its control pin u_par_product_calc/u_par_product_gen1/par_product_tmp_reg[9]/G is not reached by a timing clock
Related violations: <none>

TIMING-20#35 Warning
Non-clocked latch  
The latch u_par_product_calc/u_par_product_gen2/par_product_tmp_reg[0] cannot be properly analyzed as its control pin u_par_product_calc/u_par_product_gen2/par_product_tmp_reg[0]/G is not reached by a timing clock
Related violations: <none>

TIMING-20#36 Warning
Non-clocked latch  
The latch u_par_product_calc/u_par_product_gen2/par_product_tmp_reg[10] cannot be properly analyzed as its control pin u_par_product_calc/u_par_product_gen2/par_product_tmp_reg[10]/G is not reached by a timing clock
Related violations: <none>

TIMING-20#37 Warning
Non-clocked latch  
The latch u_par_product_calc/u_par_product_gen2/par_product_tmp_reg[11] cannot be properly analyzed as its control pin u_par_product_calc/u_par_product_gen2/par_product_tmp_reg[11]/G is not reached by a timing clock
Related violations: <none>

TIMING-20#38 Warning
Non-clocked latch  
The latch u_par_product_calc/u_par_product_gen2/par_product_tmp_reg[12] cannot be properly analyzed as its control pin u_par_product_calc/u_par_product_gen2/par_product_tmp_reg[12]/G is not reached by a timing clock
Related violations: <none>

TIMING-20#39 Warning
Non-clocked latch  
The latch u_par_product_calc/u_par_product_gen2/par_product_tmp_reg[13] cannot be properly analyzed as its control pin u_par_product_calc/u_par_product_gen2/par_product_tmp_reg[13]/G is not reached by a timing clock
Related violations: <none>

TIMING-20#40 Warning
Non-clocked latch  
The latch u_par_product_calc/u_par_product_gen2/par_product_tmp_reg[14] cannot be properly analyzed as its control pin u_par_product_calc/u_par_product_gen2/par_product_tmp_reg[14]/G is not reached by a timing clock
Related violations: <none>

TIMING-20#41 Warning
Non-clocked latch  
The latch u_par_product_calc/u_par_product_gen2/par_product_tmp_reg[15] cannot be properly analyzed as its control pin u_par_product_calc/u_par_product_gen2/par_product_tmp_reg[15]/G is not reached by a timing clock
Related violations: <none>

TIMING-20#42 Warning
Non-clocked latch  
The latch u_par_product_calc/u_par_product_gen2/par_product_tmp_reg[16] cannot be properly analyzed as its control pin u_par_product_calc/u_par_product_gen2/par_product_tmp_reg[16]/G is not reached by a timing clock
Related violations: <none>

TIMING-20#43 Warning
Non-clocked latch  
The latch u_par_product_calc/u_par_product_gen2/par_product_tmp_reg[1] cannot be properly analyzed as its control pin u_par_product_calc/u_par_product_gen2/par_product_tmp_reg[1]/G is not reached by a timing clock
Related violations: <none>

TIMING-20#44 Warning
Non-clocked latch  
The latch u_par_product_calc/u_par_product_gen2/par_product_tmp_reg[2] cannot be properly analyzed as its control pin u_par_product_calc/u_par_product_gen2/par_product_tmp_reg[2]/G is not reached by a timing clock
Related violations: <none>

TIMING-20#45 Warning
Non-clocked latch  
The latch u_par_product_calc/u_par_product_gen2/par_product_tmp_reg[3] cannot be properly analyzed as its control pin u_par_product_calc/u_par_product_gen2/par_product_tmp_reg[3]/G is not reached by a timing clock
Related violations: <none>

TIMING-20#46 Warning
Non-clocked latch  
The latch u_par_product_calc/u_par_product_gen2/par_product_tmp_reg[4] cannot be properly analyzed as its control pin u_par_product_calc/u_par_product_gen2/par_product_tmp_reg[4]/G is not reached by a timing clock
Related violations: <none>

TIMING-20#47 Warning
Non-clocked latch  
The latch u_par_product_calc/u_par_product_gen2/par_product_tmp_reg[5] cannot be properly analyzed as its control pin u_par_product_calc/u_par_product_gen2/par_product_tmp_reg[5]/G is not reached by a timing clock
Related violations: <none>

TIMING-20#48 Warning
Non-clocked latch  
The latch u_par_product_calc/u_par_product_gen2/par_product_tmp_reg[6] cannot be properly analyzed as its control pin u_par_product_calc/u_par_product_gen2/par_product_tmp_reg[6]/G is not reached by a timing clock
Related violations: <none>

TIMING-20#49 Warning
Non-clocked latch  
The latch u_par_product_calc/u_par_product_gen2/par_product_tmp_reg[7] cannot be properly analyzed as its control pin u_par_product_calc/u_par_product_gen2/par_product_tmp_reg[7]/G is not reached by a timing clock
Related violations: <none>

TIMING-20#50 Warning
Non-clocked latch  
The latch u_par_product_calc/u_par_product_gen2/par_product_tmp_reg[8] cannot be properly analyzed as its control pin u_par_product_calc/u_par_product_gen2/par_product_tmp_reg[8]/G is not reached by a timing clock
Related violations: <none>

TIMING-20#51 Warning
Non-clocked latch  
The latch u_par_product_calc/u_par_product_gen2/par_product_tmp_reg[9] cannot be properly analyzed as its control pin u_par_product_calc/u_par_product_gen2/par_product_tmp_reg[9]/G is not reached by a timing clock
Related violations: <none>

TIMING-20#52 Warning
Non-clocked latch  
The latch u_par_product_calc/u_par_product_gen3/par_product_tmp_reg[0] cannot be properly analyzed as its control pin u_par_product_calc/u_par_product_gen3/par_product_tmp_reg[0]/G is not reached by a timing clock
Related violations: <none>

TIMING-20#53 Warning
Non-clocked latch  
The latch u_par_product_calc/u_par_product_gen3/par_product_tmp_reg[10] cannot be properly analyzed as its control pin u_par_product_calc/u_par_product_gen3/par_product_tmp_reg[10]/G is not reached by a timing clock
Related violations: <none>

TIMING-20#54 Warning
Non-clocked latch  
The latch u_par_product_calc/u_par_product_gen3/par_product_tmp_reg[11] cannot be properly analyzed as its control pin u_par_product_calc/u_par_product_gen3/par_product_tmp_reg[11]/G is not reached by a timing clock
Related violations: <none>

TIMING-20#55 Warning
Non-clocked latch  
The latch u_par_product_calc/u_par_product_gen3/par_product_tmp_reg[12] cannot be properly analyzed as its control pin u_par_product_calc/u_par_product_gen3/par_product_tmp_reg[12]/G is not reached by a timing clock
Related violations: <none>

TIMING-20#56 Warning
Non-clocked latch  
The latch u_par_product_calc/u_par_product_gen3/par_product_tmp_reg[13] cannot be properly analyzed as its control pin u_par_product_calc/u_par_product_gen3/par_product_tmp_reg[13]/G is not reached by a timing clock
Related violations: <none>

TIMING-20#57 Warning
Non-clocked latch  
The latch u_par_product_calc/u_par_product_gen3/par_product_tmp_reg[14] cannot be properly analyzed as its control pin u_par_product_calc/u_par_product_gen3/par_product_tmp_reg[14]/G is not reached by a timing clock
Related violations: <none>

TIMING-20#58 Warning
Non-clocked latch  
The latch u_par_product_calc/u_par_product_gen3/par_product_tmp_reg[15] cannot be properly analyzed as its control pin u_par_product_calc/u_par_product_gen3/par_product_tmp_reg[15]/G is not reached by a timing clock
Related violations: <none>

TIMING-20#59 Warning
Non-clocked latch  
The latch u_par_product_calc/u_par_product_gen3/par_product_tmp_reg[16] cannot be properly analyzed as its control pin u_par_product_calc/u_par_product_gen3/par_product_tmp_reg[16]/G is not reached by a timing clock
Related violations: <none>

TIMING-20#60 Warning
Non-clocked latch  
The latch u_par_product_calc/u_par_product_gen3/par_product_tmp_reg[1] cannot be properly analyzed as its control pin u_par_product_calc/u_par_product_gen3/par_product_tmp_reg[1]/G is not reached by a timing clock
Related violations: <none>

TIMING-20#61 Warning
Non-clocked latch  
The latch u_par_product_calc/u_par_product_gen3/par_product_tmp_reg[2] cannot be properly analyzed as its control pin u_par_product_calc/u_par_product_gen3/par_product_tmp_reg[2]/G is not reached by a timing clock
Related violations: <none>

TIMING-20#62 Warning
Non-clocked latch  
The latch u_par_product_calc/u_par_product_gen3/par_product_tmp_reg[3] cannot be properly analyzed as its control pin u_par_product_calc/u_par_product_gen3/par_product_tmp_reg[3]/G is not reached by a timing clock
Related violations: <none>

TIMING-20#63 Warning
Non-clocked latch  
The latch u_par_product_calc/u_par_product_gen3/par_product_tmp_reg[4] cannot be properly analyzed as its control pin u_par_product_calc/u_par_product_gen3/par_product_tmp_reg[4]/G is not reached by a timing clock
Related violations: <none>

TIMING-20#64 Warning
Non-clocked latch  
The latch u_par_product_calc/u_par_product_gen3/par_product_tmp_reg[5] cannot be properly analyzed as its control pin u_par_product_calc/u_par_product_gen3/par_product_tmp_reg[5]/G is not reached by a timing clock
Related violations: <none>

TIMING-20#65 Warning
Non-clocked latch  
The latch u_par_product_calc/u_par_product_gen3/par_product_tmp_reg[6] cannot be properly analyzed as its control pin u_par_product_calc/u_par_product_gen3/par_product_tmp_reg[6]/G is not reached by a timing clock
Related violations: <none>

TIMING-20#66 Warning
Non-clocked latch  
The latch u_par_product_calc/u_par_product_gen3/par_product_tmp_reg[7] cannot be properly analyzed as its control pin u_par_product_calc/u_par_product_gen3/par_product_tmp_reg[7]/G is not reached by a timing clock
Related violations: <none>

TIMING-20#67 Warning
Non-clocked latch  
The latch u_par_product_calc/u_par_product_gen3/par_product_tmp_reg[8] cannot be properly analyzed as its control pin u_par_product_calc/u_par_product_gen3/par_product_tmp_reg[8]/G is not reached by a timing clock
Related violations: <none>

TIMING-20#68 Warning
Non-clocked latch  
The latch u_par_product_calc/u_par_product_gen3/par_product_tmp_reg[9] cannot be properly analyzed as its control pin u_par_product_calc/u_par_product_gen3/par_product_tmp_reg[9]/G is not reached by a timing clock
Related violations: <none>

TIMING-20#69 Warning
Non-clocked latch  
The latch u_par_product_calc/u_par_product_gen4/par_product_tmp_reg[0] cannot be properly analyzed as its control pin u_par_product_calc/u_par_product_gen4/par_product_tmp_reg[0]/G is not reached by a timing clock
Related violations: <none>

TIMING-20#70 Warning
Non-clocked latch  
The latch u_par_product_calc/u_par_product_gen4/par_product_tmp_reg[10] cannot be properly analyzed as its control pin u_par_product_calc/u_par_product_gen4/par_product_tmp_reg[10]/G is not reached by a timing clock
Related violations: <none>

TIMING-20#71 Warning
Non-clocked latch  
The latch u_par_product_calc/u_par_product_gen4/par_product_tmp_reg[11] cannot be properly analyzed as its control pin u_par_product_calc/u_par_product_gen4/par_product_tmp_reg[11]/G is not reached by a timing clock
Related violations: <none>

TIMING-20#72 Warning
Non-clocked latch  
The latch u_par_product_calc/u_par_product_gen4/par_product_tmp_reg[12] cannot be properly analyzed as its control pin u_par_product_calc/u_par_product_gen4/par_product_tmp_reg[12]/G is not reached by a timing clock
Related violations: <none>

TIMING-20#73 Warning
Non-clocked latch  
The latch u_par_product_calc/u_par_product_gen4/par_product_tmp_reg[13] cannot be properly analyzed as its control pin u_par_product_calc/u_par_product_gen4/par_product_tmp_reg[13]/G is not reached by a timing clock
Related violations: <none>

TIMING-20#74 Warning
Non-clocked latch  
The latch u_par_product_calc/u_par_product_gen4/par_product_tmp_reg[14] cannot be properly analyzed as its control pin u_par_product_calc/u_par_product_gen4/par_product_tmp_reg[14]/G is not reached by a timing clock
Related violations: <none>

TIMING-20#75 Warning
Non-clocked latch  
The latch u_par_product_calc/u_par_product_gen4/par_product_tmp_reg[15] cannot be properly analyzed as its control pin u_par_product_calc/u_par_product_gen4/par_product_tmp_reg[15]/G is not reached by a timing clock
Related violations: <none>

TIMING-20#76 Warning
Non-clocked latch  
The latch u_par_product_calc/u_par_product_gen4/par_product_tmp_reg[16] cannot be properly analyzed as its control pin u_par_product_calc/u_par_product_gen4/par_product_tmp_reg[16]/G is not reached by a timing clock
Related violations: <none>

TIMING-20#77 Warning
Non-clocked latch  
The latch u_par_product_calc/u_par_product_gen4/par_product_tmp_reg[1] cannot be properly analyzed as its control pin u_par_product_calc/u_par_product_gen4/par_product_tmp_reg[1]/G is not reached by a timing clock
Related violations: <none>

TIMING-20#78 Warning
Non-clocked latch  
The latch u_par_product_calc/u_par_product_gen4/par_product_tmp_reg[2] cannot be properly analyzed as its control pin u_par_product_calc/u_par_product_gen4/par_product_tmp_reg[2]/G is not reached by a timing clock
Related violations: <none>

TIMING-20#79 Warning
Non-clocked latch  
The latch u_par_product_calc/u_par_product_gen4/par_product_tmp_reg[3] cannot be properly analyzed as its control pin u_par_product_calc/u_par_product_gen4/par_product_tmp_reg[3]/G is not reached by a timing clock
Related violations: <none>

TIMING-20#80 Warning
Non-clocked latch  
The latch u_par_product_calc/u_par_product_gen4/par_product_tmp_reg[4] cannot be properly analyzed as its control pin u_par_product_calc/u_par_product_gen4/par_product_tmp_reg[4]/G is not reached by a timing clock
Related violations: <none>

TIMING-20#81 Warning
Non-clocked latch  
The latch u_par_product_calc/u_par_product_gen4/par_product_tmp_reg[5] cannot be properly analyzed as its control pin u_par_product_calc/u_par_product_gen4/par_product_tmp_reg[5]/G is not reached by a timing clock
Related violations: <none>

TIMING-20#82 Warning
Non-clocked latch  
The latch u_par_product_calc/u_par_product_gen4/par_product_tmp_reg[6] cannot be properly analyzed as its control pin u_par_product_calc/u_par_product_gen4/par_product_tmp_reg[6]/G is not reached by a timing clock
Related violations: <none>

TIMING-20#83 Warning
Non-clocked latch  
The latch u_par_product_calc/u_par_product_gen4/par_product_tmp_reg[7] cannot be properly analyzed as its control pin u_par_product_calc/u_par_product_gen4/par_product_tmp_reg[7]/G is not reached by a timing clock
Related violations: <none>

TIMING-20#84 Warning
Non-clocked latch  
The latch u_par_product_calc/u_par_product_gen4/par_product_tmp_reg[8] cannot be properly analyzed as its control pin u_par_product_calc/u_par_product_gen4/par_product_tmp_reg[8]/G is not reached by a timing clock
Related violations: <none>

TIMING-20#85 Warning
Non-clocked latch  
The latch u_par_product_calc/u_par_product_gen4/par_product_tmp_reg[9] cannot be properly analyzed as its control pin u_par_product_calc/u_par_product_gen4/par_product_tmp_reg[9]/G is not reached by a timing clock
Related violations: <none>

TIMING-20#86 Warning
Non-clocked latch  
The latch u_par_product_calc/u_par_product_gen5/par_product_tmp_reg[0] cannot be properly analyzed as its control pin u_par_product_calc/u_par_product_gen5/par_product_tmp_reg[0]/G is not reached by a timing clock
Related violations: <none>

TIMING-20#87 Warning
Non-clocked latch  
The latch u_par_product_calc/u_par_product_gen5/par_product_tmp_reg[10] cannot be properly analyzed as its control pin u_par_product_calc/u_par_product_gen5/par_product_tmp_reg[10]/G is not reached by a timing clock
Related violations: <none>

TIMING-20#88 Warning
Non-clocked latch  
The latch u_par_product_calc/u_par_product_gen5/par_product_tmp_reg[11] cannot be properly analyzed as its control pin u_par_product_calc/u_par_product_gen5/par_product_tmp_reg[11]/G is not reached by a timing clock
Related violations: <none>

TIMING-20#89 Warning
Non-clocked latch  
The latch u_par_product_calc/u_par_product_gen5/par_product_tmp_reg[12] cannot be properly analyzed as its control pin u_par_product_calc/u_par_product_gen5/par_product_tmp_reg[12]/G is not reached by a timing clock
Related violations: <none>

TIMING-20#90 Warning
Non-clocked latch  
The latch u_par_product_calc/u_par_product_gen5/par_product_tmp_reg[13] cannot be properly analyzed as its control pin u_par_product_calc/u_par_product_gen5/par_product_tmp_reg[13]/G is not reached by a timing clock
Related violations: <none>

TIMING-20#91 Warning
Non-clocked latch  
The latch u_par_product_calc/u_par_product_gen5/par_product_tmp_reg[14] cannot be properly analyzed as its control pin u_par_product_calc/u_par_product_gen5/par_product_tmp_reg[14]/G is not reached by a timing clock
Related violations: <none>

TIMING-20#92 Warning
Non-clocked latch  
The latch u_par_product_calc/u_par_product_gen5/par_product_tmp_reg[15] cannot be properly analyzed as its control pin u_par_product_calc/u_par_product_gen5/par_product_tmp_reg[15]/G is not reached by a timing clock
Related violations: <none>

TIMING-20#93 Warning
Non-clocked latch  
The latch u_par_product_calc/u_par_product_gen5/par_product_tmp_reg[16] cannot be properly analyzed as its control pin u_par_product_calc/u_par_product_gen5/par_product_tmp_reg[16]/G is not reached by a timing clock
Related violations: <none>

TIMING-20#94 Warning
Non-clocked latch  
The latch u_par_product_calc/u_par_product_gen5/par_product_tmp_reg[1] cannot be properly analyzed as its control pin u_par_product_calc/u_par_product_gen5/par_product_tmp_reg[1]/G is not reached by a timing clock
Related violations: <none>

TIMING-20#95 Warning
Non-clocked latch  
The latch u_par_product_calc/u_par_product_gen5/par_product_tmp_reg[2] cannot be properly analyzed as its control pin u_par_product_calc/u_par_product_gen5/par_product_tmp_reg[2]/G is not reached by a timing clock
Related violations: <none>

TIMING-20#96 Warning
Non-clocked latch  
The latch u_par_product_calc/u_par_product_gen5/par_product_tmp_reg[3] cannot be properly analyzed as its control pin u_par_product_calc/u_par_product_gen5/par_product_tmp_reg[3]/G is not reached by a timing clock
Related violations: <none>

TIMING-20#97 Warning
Non-clocked latch  
The latch u_par_product_calc/u_par_product_gen5/par_product_tmp_reg[4] cannot be properly analyzed as its control pin u_par_product_calc/u_par_product_gen5/par_product_tmp_reg[4]/G is not reached by a timing clock
Related violations: <none>

TIMING-20#98 Warning
Non-clocked latch  
The latch u_par_product_calc/u_par_product_gen5/par_product_tmp_reg[5] cannot be properly analyzed as its control pin u_par_product_calc/u_par_product_gen5/par_product_tmp_reg[5]/G is not reached by a timing clock
Related violations: <none>

TIMING-20#99 Warning
Non-clocked latch  
The latch u_par_product_calc/u_par_product_gen5/par_product_tmp_reg[6] cannot be properly analyzed as its control pin u_par_product_calc/u_par_product_gen5/par_product_tmp_reg[6]/G is not reached by a timing clock
Related violations: <none>

TIMING-20#100 Warning
Non-clocked latch  
The latch u_par_product_calc/u_par_product_gen5/par_product_tmp_reg[7] cannot be properly analyzed as its control pin u_par_product_calc/u_par_product_gen5/par_product_tmp_reg[7]/G is not reached by a timing clock
Related violations: <none>

TIMING-20#101 Warning
Non-clocked latch  
The latch u_par_product_calc/u_par_product_gen5/par_product_tmp_reg[8] cannot be properly analyzed as its control pin u_par_product_calc/u_par_product_gen5/par_product_tmp_reg[8]/G is not reached by a timing clock
Related violations: <none>

TIMING-20#102 Warning
Non-clocked latch  
The latch u_par_product_calc/u_par_product_gen5/par_product_tmp_reg[9] cannot be properly analyzed as its control pin u_par_product_calc/u_par_product_gen5/par_product_tmp_reg[9]/G is not reached by a timing clock
Related violations: <none>

TIMING-20#103 Warning
Non-clocked latch  
The latch u_par_product_calc/u_par_product_gen6/par_product_tmp_reg[0] cannot be properly analyzed as its control pin u_par_product_calc/u_par_product_gen6/par_product_tmp_reg[0]/G is not reached by a timing clock
Related violations: <none>

TIMING-20#104 Warning
Non-clocked latch  
The latch u_par_product_calc/u_par_product_gen6/par_product_tmp_reg[10] cannot be properly analyzed as its control pin u_par_product_calc/u_par_product_gen6/par_product_tmp_reg[10]/G is not reached by a timing clock
Related violations: <none>

TIMING-20#105 Warning
Non-clocked latch  
The latch u_par_product_calc/u_par_product_gen6/par_product_tmp_reg[11] cannot be properly analyzed as its control pin u_par_product_calc/u_par_product_gen6/par_product_tmp_reg[11]/G is not reached by a timing clock
Related violations: <none>

TIMING-20#106 Warning
Non-clocked latch  
The latch u_par_product_calc/u_par_product_gen6/par_product_tmp_reg[12] cannot be properly analyzed as its control pin u_par_product_calc/u_par_product_gen6/par_product_tmp_reg[12]/G is not reached by a timing clock
Related violations: <none>

TIMING-20#107 Warning
Non-clocked latch  
The latch u_par_product_calc/u_par_product_gen6/par_product_tmp_reg[13] cannot be properly analyzed as its control pin u_par_product_calc/u_par_product_gen6/par_product_tmp_reg[13]/G is not reached by a timing clock
Related violations: <none>

TIMING-20#108 Warning
Non-clocked latch  
The latch u_par_product_calc/u_par_product_gen6/par_product_tmp_reg[14] cannot be properly analyzed as its control pin u_par_product_calc/u_par_product_gen6/par_product_tmp_reg[14]/G is not reached by a timing clock
Related violations: <none>

TIMING-20#109 Warning
Non-clocked latch  
The latch u_par_product_calc/u_par_product_gen6/par_product_tmp_reg[15] cannot be properly analyzed as its control pin u_par_product_calc/u_par_product_gen6/par_product_tmp_reg[15]/G is not reached by a timing clock
Related violations: <none>

TIMING-20#110 Warning
Non-clocked latch  
The latch u_par_product_calc/u_par_product_gen6/par_product_tmp_reg[16] cannot be properly analyzed as its control pin u_par_product_calc/u_par_product_gen6/par_product_tmp_reg[16]/G is not reached by a timing clock
Related violations: <none>

TIMING-20#111 Warning
Non-clocked latch  
The latch u_par_product_calc/u_par_product_gen6/par_product_tmp_reg[1] cannot be properly analyzed as its control pin u_par_product_calc/u_par_product_gen6/par_product_tmp_reg[1]/G is not reached by a timing clock
Related violations: <none>

TIMING-20#112 Warning
Non-clocked latch  
The latch u_par_product_calc/u_par_product_gen6/par_product_tmp_reg[2] cannot be properly analyzed as its control pin u_par_product_calc/u_par_product_gen6/par_product_tmp_reg[2]/G is not reached by a timing clock
Related violations: <none>

TIMING-20#113 Warning
Non-clocked latch  
The latch u_par_product_calc/u_par_product_gen6/par_product_tmp_reg[3] cannot be properly analyzed as its control pin u_par_product_calc/u_par_product_gen6/par_product_tmp_reg[3]/G is not reached by a timing clock
Related violations: <none>

TIMING-20#114 Warning
Non-clocked latch  
The latch u_par_product_calc/u_par_product_gen6/par_product_tmp_reg[4] cannot be properly analyzed as its control pin u_par_product_calc/u_par_product_gen6/par_product_tmp_reg[4]/G is not reached by a timing clock
Related violations: <none>

TIMING-20#115 Warning
Non-clocked latch  
The latch u_par_product_calc/u_par_product_gen6/par_product_tmp_reg[5] cannot be properly analyzed as its control pin u_par_product_calc/u_par_product_gen6/par_product_tmp_reg[5]/G is not reached by a timing clock
Related violations: <none>

TIMING-20#116 Warning
Non-clocked latch  
The latch u_par_product_calc/u_par_product_gen6/par_product_tmp_reg[6] cannot be properly analyzed as its control pin u_par_product_calc/u_par_product_gen6/par_product_tmp_reg[6]/G is not reached by a timing clock
Related violations: <none>

TIMING-20#117 Warning
Non-clocked latch  
The latch u_par_product_calc/u_par_product_gen6/par_product_tmp_reg[7] cannot be properly analyzed as its control pin u_par_product_calc/u_par_product_gen6/par_product_tmp_reg[7]/G is not reached by a timing clock
Related violations: <none>

TIMING-20#118 Warning
Non-clocked latch  
The latch u_par_product_calc/u_par_product_gen6/par_product_tmp_reg[8] cannot be properly analyzed as its control pin u_par_product_calc/u_par_product_gen6/par_product_tmp_reg[8]/G is not reached by a timing clock
Related violations: <none>

TIMING-20#119 Warning
Non-clocked latch  
The latch u_par_product_calc/u_par_product_gen6/par_product_tmp_reg[9] cannot be properly analyzed as its control pin u_par_product_calc/u_par_product_gen6/par_product_tmp_reg[9]/G is not reached by a timing clock
Related violations: <none>

TIMING-20#120 Warning
Non-clocked latch  
The latch u_par_product_calc/u_par_product_gen7/par_product_tmp_reg[0] cannot be properly analyzed as its control pin u_par_product_calc/u_par_product_gen7/par_product_tmp_reg[0]/G is not reached by a timing clock
Related violations: <none>

TIMING-20#121 Warning
Non-clocked latch  
The latch u_par_product_calc/u_par_product_gen7/par_product_tmp_reg[10] cannot be properly analyzed as its control pin u_par_product_calc/u_par_product_gen7/par_product_tmp_reg[10]/G is not reached by a timing clock
Related violations: <none>

TIMING-20#122 Warning
Non-clocked latch  
The latch u_par_product_calc/u_par_product_gen7/par_product_tmp_reg[11] cannot be properly analyzed as its control pin u_par_product_calc/u_par_product_gen7/par_product_tmp_reg[11]/G is not reached by a timing clock
Related violations: <none>

TIMING-20#123 Warning
Non-clocked latch  
The latch u_par_product_calc/u_par_product_gen7/par_product_tmp_reg[12] cannot be properly analyzed as its control pin u_par_product_calc/u_par_product_gen7/par_product_tmp_reg[12]/G is not reached by a timing clock
Related violations: <none>

TIMING-20#124 Warning
Non-clocked latch  
The latch u_par_product_calc/u_par_product_gen7/par_product_tmp_reg[13] cannot be properly analyzed as its control pin u_par_product_calc/u_par_product_gen7/par_product_tmp_reg[13]/G is not reached by a timing clock
Related violations: <none>

TIMING-20#125 Warning
Non-clocked latch  
The latch u_par_product_calc/u_par_product_gen7/par_product_tmp_reg[14] cannot be properly analyzed as its control pin u_par_product_calc/u_par_product_gen7/par_product_tmp_reg[14]/G is not reached by a timing clock
Related violations: <none>

TIMING-20#126 Warning
Non-clocked latch  
The latch u_par_product_calc/u_par_product_gen7/par_product_tmp_reg[15] cannot be properly analyzed as its control pin u_par_product_calc/u_par_product_gen7/par_product_tmp_reg[15]/G is not reached by a timing clock
Related violations: <none>

TIMING-20#127 Warning
Non-clocked latch  
The latch u_par_product_calc/u_par_product_gen7/par_product_tmp_reg[16] cannot be properly analyzed as its control pin u_par_product_calc/u_par_product_gen7/par_product_tmp_reg[16]/G is not reached by a timing clock
Related violations: <none>

TIMING-20#128 Warning
Non-clocked latch  
The latch u_par_product_calc/u_par_product_gen7/par_product_tmp_reg[1] cannot be properly analyzed as its control pin u_par_product_calc/u_par_product_gen7/par_product_tmp_reg[1]/G is not reached by a timing clock
Related violations: <none>

TIMING-20#129 Warning
Non-clocked latch  
The latch u_par_product_calc/u_par_product_gen7/par_product_tmp_reg[2] cannot be properly analyzed as its control pin u_par_product_calc/u_par_product_gen7/par_product_tmp_reg[2]/G is not reached by a timing clock
Related violations: <none>

TIMING-20#130 Warning
Non-clocked latch  
The latch u_par_product_calc/u_par_product_gen7/par_product_tmp_reg[3] cannot be properly analyzed as its control pin u_par_product_calc/u_par_product_gen7/par_product_tmp_reg[3]/G is not reached by a timing clock
Related violations: <none>

TIMING-20#131 Warning
Non-clocked latch  
The latch u_par_product_calc/u_par_product_gen7/par_product_tmp_reg[4] cannot be properly analyzed as its control pin u_par_product_calc/u_par_product_gen7/par_product_tmp_reg[4]/G is not reached by a timing clock
Related violations: <none>

TIMING-20#132 Warning
Non-clocked latch  
The latch u_par_product_calc/u_par_product_gen7/par_product_tmp_reg[5] cannot be properly analyzed as its control pin u_par_product_calc/u_par_product_gen7/par_product_tmp_reg[5]/G is not reached by a timing clock
Related violations: <none>

TIMING-20#133 Warning
Non-clocked latch  
The latch u_par_product_calc/u_par_product_gen7/par_product_tmp_reg[6] cannot be properly analyzed as its control pin u_par_product_calc/u_par_product_gen7/par_product_tmp_reg[6]/G is not reached by a timing clock
Related violations: <none>

TIMING-20#134 Warning
Non-clocked latch  
The latch u_par_product_calc/u_par_product_gen7/par_product_tmp_reg[7] cannot be properly analyzed as its control pin u_par_product_calc/u_par_product_gen7/par_product_tmp_reg[7]/G is not reached by a timing clock
Related violations: <none>

TIMING-20#135 Warning
Non-clocked latch  
The latch u_par_product_calc/u_par_product_gen7/par_product_tmp_reg[8] cannot be properly analyzed as its control pin u_par_product_calc/u_par_product_gen7/par_product_tmp_reg[8]/G is not reached by a timing clock
Related violations: <none>

TIMING-20#136 Warning
Non-clocked latch  
The latch u_par_product_calc/u_par_product_gen7/par_product_tmp_reg[9] cannot be properly analyzed as its control pin u_par_product_calc/u_par_product_gen7/par_product_tmp_reg[9]/G is not reached by a timing clock
Related violations: <none>

LATCH-1#1 Advisory
Existing latches in the design  
There are 336 latches found in the design. Inferred latches are often the result of HDL coding mistakes, such as incomplete if or case statements.
Related violations: <none>


