# do {tb_wallace_mul_compile.do}
# Model Technology ModelSim SE-64 vmap 10.5 Lib Mapping Utility 2016.02 Feb 13 2016
# vmap xil_defaultlib modelsim_lib/msim/xil_defaultlib 
# Modifying modelsim.ini
# Model Technology ModelSim SE-64 vlog 10.5 Compiler 2016.02 Feb 13 2016
# Start time: 20:46:04 on Jan 22,2024
# vlog -incr -mfcu -work xil_defaultlib tb_wallace_mul_time_synth.v ../../../../../../../sim/tb/testbeach.v 
# -- Compiling module modefied_booth_enc
# -- Compiling module par_product_calc
# -- Compiling module par_product_gen
# -- Compiling module par_product_gen_0
# -- Compiling module par_product_gen_1
# -- Compiling module par_product_gen_2
# -- Compiling module par_product_gen_3
# -- Compiling module par_product_gen_4
# -- Compiling module par_product_gen_5
# -- Compiling module par_product_gen_6
# -- Compiling module wallace_mul
# -- Compiling module glbl
# -- Compiling module tb_wallace_mul
# 
# Top level modules:
# 	glbl
# 	tb_wallace_mul
# End time: 20:46:05 on Jan 22,2024, Elapsed time: 0:00:01
# Errors: 0, Warnings: 0
